\BOOKMARK [1][-]{section.1}{\376\377\001\056\000v\000a\000d\000a\000s}{}% 1
\BOOKMARK [1][-]{section.2}{\376\377\000M\000e\000t\000o\000d\000a\000i}{}% 2
\BOOKMARK [2][-]{subsection.2.1}{\376\377\001\056\000r\000a\000n\000k\000i\000a\000i}{section.2}% 3
\BOOKMARK [2][-]{subsection.2.2}{\376\377\000F\000u\000n\000k\000c\000i\000j\000o\000s}{section.2}% 4
\BOOKMARK [1][-]{section.3}{\376\377\000D\000u\000o\000m\000e\000n\000y\000s}{}% 5
\BOOKMARK [1][-]{section.4}{\376\377\000M\000o\000d\000e\000l\000i\000a\000i}{}% 6
\BOOKMARK [2][-]{subsection.4.1}{\376\377\000C\000N\000N}{section.4}% 7
\BOOKMARK [2][-]{subsection.4.2}{\376\377\000R\000e\000s\000N\000e\000t\000-\0001\0008}{section.4}% 8
\BOOKMARK [2][-]{subsection.4.3}{\376\377\000V\000i\000T}{section.4}% 9
\BOOKMARK [1][-]{section.5}{\376\377\000R\000e\000z\000u\000l\000t\000a\000t\000a\000i}{}% 10
\BOOKMARK [2][-]{subsection.5.1}{\376\377\000C\000N\000N}{section.5}% 11
\BOOKMARK [2][-]{subsection.5.2}{\376\377\000R\000e\000s\000n\000e\000t\000-\0001\0008}{section.5}% 12
\BOOKMARK [2][-]{subsection.5.3}{\376\377\000V\000i\000T}{section.5}% 13
\BOOKMARK [1][-]{section.6}{\376\377\000M\000o\000d\000e\000l\000i\001\163\000\040\000p\000a\000l\000y\000g\000i\000n\000i\000m\000a\000s}{}% 14
\BOOKMARK [1][-]{section.7}{\376\377\000I\001\141\000v\000a\000d\000a}{}% 15
\BOOKMARK [1][-]{section.8}{\376\377\000L\000e\000n\000t\000e\000l\001\027\000s\000\040\000i\000r\000\040\000p\000a\000v\000e\000i\000k\000s\000l\001\027\000l\000i\000a\000i}{}% 16
\BOOKMARK [2][-]{subsection.8.1}{\376\377\000M\000o\000d\000e\000l\000i\001\163\000\040\000a\000r\000c\000h\000i\000t\000e\000k\000t\001\153\000r\000o\000s}{section.8}% 17
\BOOKMARK [2][-]{subsection.8.2}{\376\377\000M\000e\000t\000r\000i\000k\001\163\000\040\000l\000e\000n\000t\000e\000l\001\027\000s}{section.8}% 18
\BOOKMARK [2][-]{subsection.8.3}{\376\377\000K\000l\000a\000s\000i\000f\000i\000k\000a\000v\000i\000m\000o\000\040\000l\000e\000n\000t\000e\000l\001\027\000s}{section.8}% 19
\BOOKMARK [2][-]{subsection.8.4}{\376\377\000t\000-\000S\000N\000E\000\040\000p\000r\000o\000j\000e\000k\000c\000i\000j\001\163\000\040\000p\000a\000s\000i\000s\000k\000i\000r\000s\000t\000y\000m\000a\000s}{section.8}% 20
\BOOKMARK [2][-]{subsection.8.5}{\376\377\000M\000o\000d\000e\000l\000i\001\163\000\040\000l\000y\000g\000i\000n\000i\000m\000a\000s}{section.8}% 21
